<?xml version="1.0" encoding="UTF-8"?>
<!-- Generated by org.testng.reporters.JUnitReportReporter -->
<testsuite hostname="LAPTOP-E8K2MQHG" failures="0" tests="4" name="com.obsqura.RMart.testscript.LoginTestSample" time="6.326" errors="0" timestamp="2023-09-29T08:33:57 IST" skipped="0">
  <testcase classname="com.obsqura.RMart.testscript.LoginTestSample" name="loginWWrongUserNameCorrectPassword" time="1.572"/>
  <system-out/>
  <testcase classname="com.obsqura.RMart.testscript.LoginTestSample" name="loginWCorrectUserNamePassword" time="1.650"/>
  <system-out/>
  <testcase classname="com.obsqura.RMart.testscript.LoginTestSample" name="loginWCorrectUserNameWrongPassword" time="1.573"/>
  <system-out/>
  <testcase classname="com.obsqura.RMart.testscript.LoginTestSample" name="loginWWrongUserNameWrongPassword" time="1.531"/>
  <system-out/>
</testsuite> <!-- com.obsqura.RMart.testscript.LoginTestSample -->
