<?xml version="1.0" encoding="UTF-8"?>
<!-- Generated by org.testng.reporters.JUnitReportReporter -->
<testsuite hostname="LAPTOP-E8K2MQHG" failures="0" tests="1" name="com.obsqura.RMart.testscript.PushNotificationMain" time="3.569" errors="0" timestamp="2023-09-28T04:16:58 IST" skipped="0">
  <testcase classname="com.obsqura.RMart.testscript.PushNotificationMain" name="verifyUserIsAbleToSendPushNotificatio" time="3.569"/>
  <system-out/>
</testsuite> <!-- com.obsqura.RMart.testscript.PushNotificationMain -->
