<?xml version="1.0" encoding="UTF-8"?>
<!-- Generated by org.testng.reporters.JUnitReportReporter -->
<testsuite hostname="LAPTOP-E8K2MQHG" failures="0" tests="1" name="com.obsqura.RMart.LoginTestCase" time="2.013" errors="0" timestamp="2023-09-22T02:30:38 IST" skipped="0">
  <testcase classname="com.obsqura.RMart.LoginTestCase" name="loginWWrongUserNameWrongPassword" time="2.013"/>
  <system-out/>
</testsuite> <!-- com.obsqura.RMart.LoginTestCase -->
