<?xml version="1.0" encoding="UTF-8"?>
<!-- Generated by org.testng.reporters.JUnitReportReporter -->
<testsuite hostname="LAPTOP-E8K2MQHG" failures="0" tests="1" name="com.obsqura.RMart.testscript.PushNotificationTest" time="3.289" errors="0" timestamp="2023-10-04T04:13:08 IST" skipped="0">
  <testcase classname="com.obsqura.RMart.testscript.PushNotificationTest" name="verifyUserIsAbleToSendPushNotificatio" time="3.289"/>
  <system-out/>
</testsuite> <!-- com.obsqura.RMart.testscript.PushNotificationTest -->
