<?xml version="1.0" encoding="UTF-8"?>
<!-- Generated by org.testng.reporters.JUnitReportReporter -->
<testsuite hostname="LAPTOP-E8K2MQHG" failures="0" tests="1" name="com.obsqura.RMart.testscript.AdminUserCreationTest" time="3.239" errors="0" timestamp="2023-10-04T05:35:34 IST" skipped="0">
  <testcase classname="com.obsqura.RMart.testscript.AdminUserCreationTest" name="verifyUserIsAbleToCreateNewAdminUser" time="3.239"/>
  <system-out/>
</testsuite> <!-- com.obsqura.RMart.testscript.AdminUserCreationTest -->
