<?xml version="1.0" encoding="UTF-8"?>
<!-- Generated by org.testng.reporters.JUnitReportReporter -->
<testsuite hostname="LAPTOP-E8K2MQHG" failures="0" tests="1" name="com.obsqura.RMart.testscript.LoginTestMain" time="2.547" errors="0" timestamp="2023-10-03T06:29:01 IST" skipped="0">
  <testcase classname="com.obsqura.RMart.testscript.LoginTestMain" name="verifyUserIsAbleToLoginWithCorrectUserNameAndPassword" time="2.547"/>
  <system-out/>
</testsuite> <!-- com.obsqura.RMart.testscript.LoginTestMain -->
