<?xml version="1.0" encoding="UTF-8"?>
<!-- Generated by org.testng.reporters.JUnitReportReporter -->
<testsuite hostname="LAPTOP-E8K2MQHG" failures="0" tests="1" name="com.obsqura.RMart.testscript.LogoutPageMain" time="4.284" errors="0" timestamp="2023-09-28T03:43:48 IST" skipped="0">
  <testcase classname="com.obsqura.RMart.testscript.LogoutPageMain" name="verifyUserIsAbleToLoginWithCorrectUserNameAndPassword" time="4.284"/>
  <system-out/>
</testsuite> <!-- com.obsqura.RMart.testscript.LogoutPageMain -->
