<?xml version="1.0" encoding="UTF-8"?>
<!-- Generated by org.testng.reporters.JUnitReportReporter -->
<testsuite hostname="LAPTOP-E8K2MQHG" failures="0" tests="1" name="com.obsqura.RMart.testscript.ManageLocationText" time="3.229" errors="0" timestamp="2023-10-04T03:59:47 IST" skipped="0">
  <testcase classname="com.obsqura.RMart.testscript.ManageLocationText" name="verifyUserIsAbleToUpdateLocationInManageLocationPage" time="3.229"/>
  <system-out/>
</testsuite> <!-- com.obsqura.RMart.testscript.ManageLocationText -->
