<?xml version="1.0" encoding="UTF-8"?>
<!-- Generated by org.testng.reporters.JUnitReportReporter -->
<testsuite hostname="LAPTOP-E8K2MQHG" failures="0" tests="1" name="com.obsqura.RMart.testscript.LogoutPageTest" time="2.802" errors="0" timestamp="2023-10-04T03:48:48 IST" skipped="0">
  <testcase classname="com.obsqura.RMart.testscript.LogoutPageTest" name="verifyUserIsAbleToLoginWithCorrectUserNameAndPassword" time="2.802"/>
  <system-out/>
</testsuite> <!-- com.obsqura.RMart.testscript.LogoutPageTest -->
