<?xml version="1.0" encoding="UTF-8"?>
<!-- Generated by org.testng.reporters.JUnitReportReporter -->
<testsuite hostname="LAPTOP-E8K2MQHG" failures="0" tests="1" name="com.obsqura.RMart.testscript.ManageMain" time="2.750" errors="0" timestamp="2023-10-04T04:00:01 IST" skipped="0">
  <testcase classname="com.obsqura.RMart.testscript.ManageMain" name="verifyUserIsAbleToNavigateToManagePages" time="2.750"/>
  <system-out/>
</testsuite> <!-- com.obsqura.RMart.testscript.ManageMain -->
